{"C:\\Users\\beybo\\Desktop\\Test application billed\\Billed-app-FR-Front-main\\src\\constants\\routes.js": {"path":"C:\\Users\\beybo\\Desktop\\Test application billed\\Billed-app-FR-Front-main\\src\\constants\\routes.js","statementMap":{"0":{"start":{"line":6,"column":27},"end":{"line":11,"column":1}},"1":{"start":{"line":13,"column":22},"end":{"line":26,"column":1}},"2":{"start":{"line":14,"column":2},"end":{"line":25,"column":3}},"3":{"start":{"line":16,"column":6},"end":{"line":16,"column":46}},"4":{"start":{"line":18,"column":6},"end":{"line":18,"column":46}},"5":{"start":{"line":20,"column":6},"end":{"line":20,"column":24}},"6":{"start":{"line":22,"column":6},"end":{"line":22,"column":50}},"7":{"start":{"line":24,"column":6},"end":{"line":24,"column":46}}},"fnMap":{"0":{"name":"(anonymous_0)","decl":{"start":{"line":13,"column":22},"end":{"line":13,"column":23}},"loc":{"start":{"line":13,"column":62},"end":{"line":26,"column":1}},"line":13}},"branchMap":{"0":{"loc":{"start":{"line":14,"column":2},"end":{"line":25,"column":3}},"type":"switch","locations":[{"start":{"line":15,"column":4},"end":{"line":16,"column":46}},{"start":{"line":17,"column":4},"end":{"line":18,"column":46}},{"start":{"line":19,"column":4},"end":{"line":20,"column":24}},{"start":{"line":21,"column":4},"end":{"line":22,"column":50}},{"start":{"line":23,"column":4},"end":{"line":24,"column":46}}],"line":14}},"s":{"0":6,"1":6,"2":43,"3":11,"4":15,"5":4,"6":12,"7":1},"f":{"0":43},"b":{"0":[11,15,4,12,1]},"_coverageSchema":"1a1c01bbd47fc00a2c39e90264f33305004495a9","hash":"a53ee4d3a76c038cf3b01e111573221526eb968b"}
,"C:\\Users\\beybo\\Desktop\\Test application billed\\Billed-app-FR-Front-main\\src\\constants\\usersTest.js": {"path":"C:\\Users\\beybo\\Desktop\\Test application billed\\Billed-app-FR-Front-main\\src\\constants\\usersTest.js","statementMap":{},"fnMap":{},"branchMap":{},"s":{},"f":{},"b":{},"_coverageSchema":"1a1c01bbd47fc00a2c39e90264f33305004495a9","hash":"fe61a4f70d93da9acc266d8758ff2b0a8142888a"}
,"C:\\Users\\beybo\\Desktop\\Test application billed\\Billed-app-FR-Front-main\\src\\containers\\Bills.js": {"path":"C:\\Users\\beybo\\Desktop\\Test application billed\\Billed-app-FR-Front-main\\src\\containers\\Bills.js","statementMap":{"0":{"start":{"line":7,"column":4},"end":{"line":7,"column":28}},"1":{"start":{"line":8,"column":4},"end":{"line":8,"column":32}},"2":{"start":{"line":9,"column":4},"end":{"line":9,"column":22}},"3":{"start":{"line":10,"column":26},"end":{"line":10,"column":86}},"4":{"start":{"line":11,"column":4},"end":{"line":11,"column":87}},"5":{"start":{"line":11,"column":23},"end":{"line":11,"column":87}},"6":{"start":{"line":12,"column":20},"end":{"line":12,"column":76}},"7":{"start":{"line":13,"column":4},"end":{"line":15,"column":6}},"8":{"start":{"line":13,"column":17},"end":{"line":15,"column":6}},"9":{"start":{"line":14,"column":6},"end":{"line":14,"column":73}},"10":{"start":{"line":14,"column":43},"end":{"line":14,"column":72}},"11":{"start":{"line":16,"column":4},"end":{"line":16,"column":54}},"12":{"start":{"line":19,"column":23},"end":{"line":21,"column":3}},"13":{"start":{"line":20,"column":4},"end":{"line":20,"column":43}},"14":{"start":{"line":23,"column":23},"end":{"line":28,"column":3}},"15":{"start":{"line":24,"column":20},"end":{"line":24,"column":54}},"16":{"start":{"line":25,"column":21},"end":{"line":25,"column":63}},"17":{"start":{"line":26,"column":4},"end":{"line":26,"column":168}},"18":{"start":{"line":27,"column":4},"end":{"line":27,"column":34}},"19":{"start":{"line":30,"column":13},"end":{"line":60,"column":3}},"20":{"start":{"line":31,"column":4},"end":{"line":59,"column":5}},"21":{"start":{"line":32,"column":6},"end":{"line":58,"column":8}},"22":{"start":{"line":36,"column":22},"end":{"line":55,"column":62}},"23":{"start":{"line":38,"column":12},"end":{"line":53,"column":13}},"24":{"start":{"line":39,"column":14},"end":{"line":43,"column":15}},"25":{"start":{"line":47,"column":14},"end":{"line":47,"column":38}},"26":{"start":{"line":48,"column":14},"end":{"line":52,"column":15}},"27":{"start":{"line":55,"column":26},"end":{"line":55,"column":61}},"28":{"start":{"line":56,"column":10},"end":{"line":56,"column":38}},"29":{"start":{"line":57,"column":8},"end":{"line":57,"column":20}}},"fnMap":{"0":{"name":"(anonymous_0)","decl":{"start":{"line":6,"column":2},"end":{"line":6,"column":3}},"loc":{"start":{"line":6,"column":61},"end":{"line":17,"column":3}},"line":6},"1":{"name":"(anonymous_1)","decl":{"start":{"line":13,"column":33},"end":{"line":13,"column":34}},"loc":{"start":{"line":13,"column":41},"end":{"line":15,"column":5}},"line":13},"2":{"name":"(anonymous_2)","decl":{"start":{"line":14,"column":37},"end":{"line":14,"column":38}},"loc":{"start":{"line":14,"column":43},"end":{"line":14,"column":72}},"line":14},"3":{"name":"(anonymous_3)","decl":{"start":{"line":19,"column":23},"end":{"line":19,"column":24}},"loc":{"start":{"line":19,"column":29},"end":{"line":21,"column":3}},"line":19},"4":{"name":"(anonymous_4)","decl":{"start":{"line":23,"column":23},"end":{"line":23,"column":24}},"loc":{"start":{"line":23,"column":33},"end":{"line":28,"column":3}},"line":23},"5":{"name":"(anonymous_5)","decl":{"start":{"line":30,"column":13},"end":{"line":30,"column":14}},"loc":{"start":{"line":30,"column":19},"end":{"line":60,"column":3}},"line":30},"6":{"name":"(anonymous_6)","decl":{"start":{"line":35,"column":12},"end":{"line":35,"column":13}},"loc":{"start":{"line":35,"column":24},"end":{"line":58,"column":7}},"line":35},"7":{"name":"(anonymous_7)","decl":{"start":{"line":37,"column":15},"end":{"line":37,"column":16}},"loc":{"start":{"line":37,"column":22},"end":{"line":54,"column":11}},"line":37},"8":{"name":"(anonymous_8)","decl":{"start":{"line":55,"column":16},"end":{"line":55,"column":17}},"loc":{"start":{"line":55,"column":26},"end":{"line":55,"column":61}},"line":55}},"branchMap":{"0":{"loc":{"start":{"line":11,"column":4},"end":{"line":11,"column":87}},"type":"if","locations":[{"start":{"line":11,"column":4},"end":{"line":11,"column":87}},{"start":{"line":11,"column":4},"end":{"line":11,"column":87}}],"line":11},"1":{"loc":{"start":{"line":13,"column":4},"end":{"line":15,"column":6}},"type":"if","locations":[{"start":{"line":13,"column":4},"end":{"line":15,"column":6}},{"start":{"line":13,"column":4},"end":{"line":15,"column":6}}],"line":13},"2":{"loc":{"start":{"line":31,"column":4},"end":{"line":59,"column":5}},"type":"if","locations":[{"start":{"line":31,"column":4},"end":{"line":59,"column":5}},{"start":{"line":31,"column":4},"end":{"line":59,"column":5}}],"line":31}},"s":{"0":12,"1":12,"2":12,"3":12,"4":12,"5":6,"6":12,"7":12,"8":12,"9":20,"10":0,"11":12,"12":12,"13":2,"14":12,"15":1,"16":1,"17":1,"18":1,"19":12,"20":6,"21":6,"22":4,"23":16,"24":16,"25":0,"26":0,"27":12,"28":4,"29":4},"f":{"0":12,"1":20,"2":0,"3":2,"4":1,"5":6,"6":4,"7":16,"8":12},"b":{"0":[6,6],"1":[12,0],"2":[6,0]},"_coverageSchema":"1a1c01bbd47fc00a2c39e90264f33305004495a9","hash":"be7df92f429b5379501c516c69e3c9c507bd960b"}
,"C:\\Users\\beybo\\Desktop\\Test application billed\\Billed-app-FR-Front-main\\src\\containers\\Dashboard.js": {"path":"C:\\Users\\beybo\\Desktop\\Test application billed\\Billed-app-FR-Front-main\\src\\containers\\Dashboard.js","statementMap":{"0":{"start":{"line":8,"column":29},"end":{"line":28,"column":1}},"1":{"start":{"line":9,"column":2},"end":{"line":27,"column":11}},"2":{"start":{"line":14,"column":6},"end":{"line":24,"column":7}},"3":{"start":{"line":15,"column":8},"end":{"line":15,"column":50}},"4":{"start":{"line":26,"column":6},"end":{"line":26,"column":28}},"5":{"start":{"line":30,"column":20},"end":{"line":53,"column":1}},"6":{"start":{"line":31,"column":28},"end":{"line":31,"column":52}},"7":{"start":{"line":32,"column":20},"end":{"line":33,"column":40}},"8":{"start":{"line":34,"column":19},"end":{"line":35,"column":53}},"9":{"start":{"line":37,"column":2},"end":{"line":52,"column":4}},"10":{"start":{"line":55,"column":21},"end":{"line":57,"column":1}},"11":{"start":{"line":56,"column":2},"end":{"line":56,"column":76}},"12":{"start":{"line":56,"column":51},"end":{"line":56,"column":61}},"13":{"start":{"line":59,"column":25},"end":{"line":68,"column":1}},"14":{"start":{"line":60,"column":2},"end":{"line":67,"column":3}},"15":{"start":{"line":62,"column":6},"end":{"line":62,"column":22}},"16":{"start":{"line":64,"column":6},"end":{"line":64,"column":23}},"17":{"start":{"line":66,"column":6},"end":{"line":66,"column":22}},"18":{"start":{"line":72,"column":4},"end":{"line":72,"column":28}},"19":{"start":{"line":73,"column":4},"end":{"line":73,"column":32}},"20":{"start":{"line":74,"column":4},"end":{"line":74,"column":22}},"21":{"start":{"line":75,"column":4},"end":{"line":79,"column":5}},"22":{"start":{"line":80,"column":4},"end":{"line":80,"column":71}},"23":{"start":{"line":80,"column":35},"end":{"line":80,"column":70}},"24":{"start":{"line":81,"column":4},"end":{"line":81,"column":71}},"25":{"start":{"line":81,"column":35},"end":{"line":81,"column":70}},"26":{"start":{"line":82,"column":4},"end":{"line":82,"column":71}},"27":{"start":{"line":82,"column":35},"end":{"line":82,"column":70}},"28":{"start":{"line":83,"column":4},"end":{"line":83,"column":44}},"29":{"start":{"line":86,"column":23},"end":{"line":91,"column":3}},"30":{"start":{"line":87,"column":20},"end":{"line":87,"column":58}},"31":{"start":{"line":88,"column":21},"end":{"line":88,"column":69}},"32":{"start":{"line":89,"column":4},"end":{"line":89,"column":144}},"33":{"start":{"line":90,"column":4},"end":{"line":90,"column":96}},"34":{"start":{"line":90,"column":60},"end":{"line":90,"column":96}},"35":{"start":{"line":94,"column":4},"end":{"line":94,"column":75}},"36":{"start":{"line":94,"column":59},"end":{"line":94,"column":75}},"37":{"start":{"line":95,"column":4},"end":{"line":95,"column":71}},"38":{"start":{"line":95,"column":54},"end":{"line":95,"column":71}},"39":{"start":{"line":96,"column":4},"end":{"line":112,"column":5}},"40":{"start":{"line":97,"column":6},"end":{"line":99,"column":8}},"41":{"start":{"line":98,"column":8},"end":{"line":98,"column":61}},"42":{"start":{"line":100,"column":6},"end":{"line":100,"column":62}},"43":{"start":{"line":101,"column":6},"end":{"line":101,"column":69}},"44":{"start":{"line":102,"column":6},"end":{"line":102,"column":52}},"45":{"start":{"line":103,"column":6},"end":{"line":103,"column":21}},"46":{"start":{"line":105,"column":6},"end":{"line":105,"column":62}},"47":{"start":{"line":107,"column":6},"end":{"line":109,"column":8}},"48":{"start":{"line":110,"column":6},"end":{"line":110,"column":52}},"49":{"start":{"line":111,"column":6},"end":{"line":111,"column":21}},"50":{"start":{"line":113,"column":4},"end":{"line":113,"column":51}},"51":{"start":{"line":114,"column":4},"end":{"line":114,"column":72}},"52":{"start":{"line":114,"column":39},"end":{"line":114,"column":71}},"53":{"start":{"line":115,"column":4},"end":{"line":115,"column":72}},"54":{"start":{"line":115,"column":39},"end":{"line":115,"column":71}},"55":{"start":{"line":118,"column":23},"end":{"line":126,"column":3}},"56":{"start":{"line":119,"column":20},"end":{"line":123,"column":5}},"57":{"start":{"line":124,"column":4},"end":{"line":124,"column":28}},"58":{"start":{"line":125,"column":4},"end":{"line":125,"column":45}},"59":{"start":{"line":128,"column":23},"end":{"line":136,"column":3}},"60":{"start":{"line":129,"column":20},"end":{"line":133,"column":5}},"61":{"start":{"line":134,"column":4},"end":{"line":134,"column":28}},"62":{"start":{"line":135,"column":4},"end":{"line":135,"column":45}},"63":{"start":{"line":139,"column":18},"end":{"line":139,"column":40}},"64":{"start":{"line":141,"column":4},"end":{"line":151,"column":5}},"65":{"start":{"line":142,"column":6},"end":{"line":142,"column":64}},"66":{"start":{"line":143,"column":23},"end":{"line":143,"column":61}},"67":{"start":{"line":144,"column":6},"end":{"line":144,"column":64}},"68":{"start":{"line":145,"column":6},"end":{"line":145,"column":28}},"69":{"start":{"line":146,"column":6},"end":{"line":146,"column":21}},"70":{"start":{"line":148,"column":6},"end":{"line":148,"column":65}},"71":{"start":{"line":149,"column":6},"end":{"line":149,"column":51}},"72":{"start":{"line":150,"column":6},"end":{"line":150,"column":21}},"73":{"start":{"line":153,"column":4},"end":{"line":155,"column":6}},"74":{"start":{"line":154,"column":6},"end":{"line":154,"column":102}},"75":{"start":{"line":154,"column":64},"end":{"line":154,"column":101}},"76":{"start":{"line":157,"column":4},"end":{"line":157,"column":22}},"77":{"start":{"line":160,"column":21},"end":{"line":179,"column":3}},"78":{"start":{"line":161,"column":4},"end":{"line":178,"column":5}},"79":{"start":{"line":162,"column":6},"end":{"line":177,"column":8}},"80":{"start":{"line":166,"column":22},"end":{"line":172,"column":11}},"81":{"start":{"line":167,"column":21},"end":{"line":172,"column":9}},"82":{"start":{"line":173,"column":8},"end":{"line":173,"column":20}},"83":{"start":{"line":176,"column":8},"end":{"line":176,"column":20}}},"fnMap":{"0":{"name":"(anonymous_0)","decl":{"start":{"line":8,"column":29},"end":{"line":8,"column":30}},"loc":{"start":{"line":8,"column":47},"end":{"line":28,"column":1}},"line":8},"1":{"name":"(anonymous_1)","decl":{"start":{"line":10,"column":16},"end":{"line":10,"column":17}},"loc":{"start":{"line":10,"column":24},"end":{"line":27,"column":5}},"line":10},"2":{"name":"(anonymous_2)","decl":{"start":{"line":30,"column":20},"end":{"line":30,"column":21}},"loc":{"start":{"line":30,"column":30},"end":{"line":53,"column":1}},"line":30},"3":{"name":"(anonymous_3)","decl":{"start":{"line":55,"column":21},"end":{"line":55,"column":22}},"loc":{"start":{"line":55,"column":32},"end":{"line":57,"column":1}},"line":55},"4":{"name":"(anonymous_4)","decl":{"start":{"line":56,"column":43},"end":{"line":56,"column":44}},"loc":{"start":{"line":56,"column":51},"end":{"line":56,"column":61}},"line":56},"5":{"name":"(anonymous_5)","decl":{"start":{"line":59,"column":25},"end":{"line":59,"column":26}},"loc":{"start":{"line":59,"column":36},"end":{"line":68,"column":1}},"line":59},"6":{"name":"(anonymous_6)","decl":{"start":{"line":71,"column":2},"end":{"line":71,"column":3}},"loc":{"start":{"line":71,"column":68},"end":{"line":84,"column":3}},"line":71},"7":{"name":"(anonymous_7)","decl":{"start":{"line":80,"column":28},"end":{"line":80,"column":29}},"loc":{"start":{"line":80,"column":35},"end":{"line":80,"column":70}},"line":80},"8":{"name":"(anonymous_8)","decl":{"start":{"line":81,"column":28},"end":{"line":81,"column":29}},"loc":{"start":{"line":81,"column":35},"end":{"line":81,"column":70}},"line":81},"9":{"name":"(anonymous_9)","decl":{"start":{"line":82,"column":28},"end":{"line":82,"column":29}},"loc":{"start":{"line":82,"column":35},"end":{"line":82,"column":70}},"line":82},"10":{"name":"(anonymous_10)","decl":{"start":{"line":86,"column":23},"end":{"line":86,"column":24}},"loc":{"start":{"line":86,"column":29},"end":{"line":91,"column":3}},"line":86},"11":{"name":"(anonymous_11)","decl":{"start":{"line":93,"column":2},"end":{"line":93,"column":3}},"loc":{"start":{"line":93,"column":35},"end":{"line":116,"column":3}},"line":93},"12":{"name":"(anonymous_12)","decl":{"start":{"line":97,"column":20},"end":{"line":97,"column":21}},"loc":{"start":{"line":97,"column":25},"end":{"line":99,"column":7}},"line":97},"13":{"name":"(anonymous_13)","decl":{"start":{"line":114,"column":32},"end":{"line":114,"column":33}},"loc":{"start":{"line":114,"column":39},"end":{"line":114,"column":71}},"line":114},"14":{"name":"(anonymous_14)","decl":{"start":{"line":115,"column":32},"end":{"line":115,"column":33}},"loc":{"start":{"line":115,"column":39},"end":{"line":115,"column":71}},"line":115},"15":{"name":"(anonymous_15)","decl":{"start":{"line":118,"column":23},"end":{"line":118,"column":24}},"loc":{"start":{"line":118,"column":36},"end":{"line":126,"column":3}},"line":118},"16":{"name":"(anonymous_16)","decl":{"start":{"line":128,"column":23},"end":{"line":128,"column":24}},"loc":{"start":{"line":128,"column":36},"end":{"line":136,"column":3}},"line":128},"17":{"name":"(anonymous_17)","decl":{"start":{"line":138,"column":2},"end":{"line":138,"column":3}},"loc":{"start":{"line":138,"column":37},"end":{"line":158,"column":3}},"line":138},"18":{"name":"(anonymous_18)","decl":{"start":{"line":153,"column":24},"end":{"line":153,"column":25}},"loc":{"start":{"line":153,"column":32},"end":{"line":155,"column":5}},"line":153},"19":{"name":"(anonymous_19)","decl":{"start":{"line":154,"column":57},"end":{"line":154,"column":58}},"loc":{"start":{"line":154,"column":64},"end":{"line":154,"column":101}},"line":154},"20":{"name":"(anonymous_20)","decl":{"start":{"line":160,"column":21},"end":{"line":160,"column":22}},"loc":{"start":{"line":160,"column":27},"end":{"line":179,"column":3}},"line":160},"21":{"name":"(anonymous_21)","decl":{"start":{"line":165,"column":12},"end":{"line":165,"column":13}},"loc":{"start":{"line":165,"column":24},"end":{"line":174,"column":7}},"line":165},"22":{"name":"(anonymous_22)","decl":{"start":{"line":167,"column":13},"end":{"line":167,"column":14}},"loc":{"start":{"line":167,"column":21},"end":{"line":172,"column":9}},"line":167},"23":{"name":"(anonymous_23)","decl":{"start":{"line":175,"column":13},"end":{"line":175,"column":14}},"loc":{"start":{"line":175,"column":22},"end":{"line":177,"column":7}},"line":175}},"branchMap":{"0":{"loc":{"start":{"line":9,"column":9},"end":{"line":27,"column":11}},"type":"cond-expr","locations":[{"start":{"line":10,"column":4},"end":{"line":27,"column":6}},{"start":{"line":27,"column":9},"end":{"line":27,"column":11}}],"line":9},"1":{"loc":{"start":{"line":9,"column":10},"end":{"line":9,"column":29}},"type":"binary-expr","locations":[{"start":{"line":9,"column":10},"end":{"line":9,"column":14}},{"start":{"line":9,"column":18},"end":{"line":9,"column":29}}],"line":9},"2":{"loc":{"start":{"line":14,"column":6},"end":{"line":24,"column":7}},"type":"if","locations":[{"start":{"line":14,"column":6},"end":{"line":24,"column":7}},{"start":{"line":14,"column":6},"end":{"line":24,"column":7}}],"line":14},"3":{"loc":{"start":{"line":32,"column":20},"end":{"line":33,"column":40}},"type":"cond-expr","locations":[{"start":{"line":33,"column":4},"end":{"line":33,"column":35}},{"start":{"line":33,"column":38},"end":{"line":33,"column":40}}],"line":32},"4":{"loc":{"start":{"line":34,"column":19},"end":{"line":35,"column":53}},"type":"cond-expr","locations":[{"start":{"line":35,"column":2},"end":{"line":35,"column":33}},{"start":{"line":35,"column":36},"end":{"line":35,"column":53}}],"line":34},"5":{"loc":{"start":{"line":56,"column":9},"end":{"line":56,"column":76}},"type":"cond-expr","locations":[{"start":{"line":56,"column":33},"end":{"line":56,"column":71}},{"start":{"line":56,"column":74},"end":{"line":56,"column":76}}],"line":56},"6":{"loc":{"start":{"line":56,"column":9},"end":{"line":56,"column":30}},"type":"binary-expr","locations":[{"start":{"line":56,"column":9},"end":{"line":56,"column":14}},{"start":{"line":56,"column":18},"end":{"line":56,"column":30}}],"line":56},"7":{"loc":{"start":{"line":60,"column":2},"end":{"line":67,"column":3}},"type":"switch","locations":[{"start":{"line":61,"column":4},"end":{"line":62,"column":22}},{"start":{"line":63,"column":4},"end":{"line":64,"column":23}},{"start":{"line":65,"column":4},"end":{"line":66,"column":22}}],"line":60},"8":{"loc":{"start":{"line":90,"column":4},"end":{"line":90,"column":96}},"type":"if","locations":[{"start":{"line":90,"column":4},"end":{"line":90,"column":96}},{"start":{"line":90,"column":4},"end":{"line":90,"column":96}}],"line":90},"9":{"loc":{"start":{"line":94,"column":4},"end":{"line":94,"column":75}},"type":"if","locations":[{"start":{"line":94,"column":4},"end":{"line":94,"column":75}},{"start":{"line":94,"column":4},"end":{"line":94,"column":75}}],"line":94},"10":{"loc":{"start":{"line":94,"column":8},"end":{"line":94,"column":57}},"type":"binary-expr","locations":[{"start":{"line":94,"column":8},"end":{"line":94,"column":34}},{"start":{"line":94,"column":38},"end":{"line":94,"column":57}}],"line":94},"11":{"loc":{"start":{"line":95,"column":4},"end":{"line":95,"column":71}},"type":"if","locations":[{"start":{"line":95,"column":4},"end":{"line":95,"column":71}},{"start":{"line":95,"column":4},"end":{"line":95,"column":71}}],"line":95},"12":{"loc":{"start":{"line":95,"column":8},"end":{"line":95,"column":52}},"type":"binary-expr","locations":[{"start":{"line":95,"column":8},"end":{"line":95,"column":29}},{"start":{"line":95,"column":33},"end":{"line":95,"column":52}}],"line":95},"13":{"loc":{"start":{"line":96,"column":4},"end":{"line":112,"column":5}},"type":"if","locations":[{"start":{"line":96,"column":4},"end":{"line":112,"column":5}},{"start":{"line":96,"column":4},"end":{"line":112,"column":5}}],"line":96},"14":{"loc":{"start":{"line":141,"column":4},"end":{"line":151,"column":5}},"type":"if","locations":[{"start":{"line":141,"column":4},"end":{"line":151,"column":5}},{"start":{"line":141,"column":4},"end":{"line":151,"column":5}}],"line":141},"15":{"loc":{"start":{"line":161,"column":4},"end":{"line":178,"column":5}},"type":"if","locations":[{"start":{"line":161,"column":4},"end":{"line":178,"column":5}},{"start":{"line":161,"column":4},"end":{"line":178,"column":5}}],"line":161}},"s":{"0":6,"1":44,"2":104,"3":104,"4":104,"5":6,"6":6,"7":6,"8":6,"9":6,"10":6,"11":6,"12":6,"13":6,"14":5,"15":3,"16":1,"17":1,"18":14,"19":14,"20":14,"21":14,"22":14,"23":0,"24":14,"25":0,"26":14,"27":0,"28":14,"29":14,"30":1,"31":1,"32":1,"33":1,"34":0,"35":3,"36":2,"37":3,"38":2,"39":3,"40":2,"41":8,"42":2,"43":2,"44":2,"45":2,"46":1,"47":1,"48":1,"49":1,"50":3,"51":3,"52":0,"53":3,"54":0,"55":14,"56":1,"57":1,"58":1,"59":14,"60":1,"61":1,"62":1,"63":5,"64":5,"65":5,"66":5,"67":5,"68":5,"69":5,"70":0,"71":0,"72":0,"73":5,"74":6,"75":3,"76":5,"77":14,"78":5,"79":5,"80":3,"81":12,"82":3,"83":2},"f":{"0":44,"1":104,"2":6,"3":6,"4":6,"5":5,"6":14,"7":0,"8":0,"9":0,"10":1,"11":3,"12":8,"13":0,"14":0,"15":1,"16":1,"17":5,"18":6,"19":3,"20":5,"21":3,"22":12,"23":2},"b":{"0":[26,18],"1":[44,26],"2":[104,0],"3":[0,6],"4":[0,6],"5":[5,1],"6":[6,6],"7":[3,1,1],"8":[0,1],"9":[2,1],"10":[3,1],"11":[2,1],"12":[3,1],"13":[2,1],"14":[5,0],"15":[5,0]},"_coverageSchema":"1a1c01bbd47fc00a2c39e90264f33305004495a9","hash":"3155ca7df67e9e64a5ffb88f2d587f11bbc150a5"}
,"C:\\Users\\beybo\\Desktop\\Test application billed\\Billed-app-FR-Front-main\\src\\containers\\Login.js": {"path":"C:\\Users\\beybo\\Desktop\\Test application billed\\Billed-app-FR-Front-main\\src\\containers\\Login.js","statementMap":{"0":{"start":{"line":3,"column":31},"end":{"line":3,"column":33}},"1":{"start":{"line":8,"column":4},"end":{"line":8,"column":28}},"2":{"start":{"line":9,"column":4},"end":{"line":9,"column":36}},"3":{"start":{"line":10,"column":4},"end":{"line":10,"column":32}},"4":{"start":{"line":11,"column":4},"end":{"line":11,"column":46}},"5":{"start":{"line":12,"column":4},"end":{"line":12,"column":22}},"6":{"start":{"line":13,"column":25},"end":{"line":13,"column":89}},"7":{"start":{"line":14,"column":4},"end":{"line":14,"column":70}},"8":{"start":{"line":15,"column":22},"end":{"line":15,"column":83}},"9":{"start":{"line":16,"column":4},"end":{"line":16,"column":64}},"10":{"start":{"line":18,"column":25},"end":{"line":38,"column":3}},"11":{"start":{"line":19,"column":4},"end":{"line":19,"column":22}},"12":{"start":{"line":20,"column":17},"end":{"line":25,"column":5}},"13":{"start":{"line":26,"column":4},"end":{"line":26,"column":59}},"14":{"start":{"line":27,"column":4},"end":{"line":36,"column":8}},"15":{"start":{"line":29,"column":17},"end":{"line":29,"column":38}},"16":{"start":{"line":32,"column":8},"end":{"line":32,"column":45}},"17":{"start":{"line":33,"column":8},"end":{"line":33,"column":53}},"18":{"start":{"line":34,"column":8},"end":{"line":34,"column":50}},"19":{"start":{"line":35,"column":8},"end":{"line":35,"column":55}},"20":{"start":{"line":40,"column":22},"end":{"line":59,"column":3}},"21":{"start":{"line":41,"column":4},"end":{"line":41,"column":22}},"22":{"start":{"line":42,"column":17},"end":{"line":47,"column":5}},"23":{"start":{"line":48,"column":4},"end":{"line":48,"column":59}},"24":{"start":{"line":49,"column":4},"end":{"line":58,"column":8}},"25":{"start":{"line":51,"column":17},"end":{"line":51,"column":38}},"26":{"start":{"line":54,"column":8},"end":{"line":54,"column":49}},"27":{"start":{"line":55,"column":8},"end":{"line":55,"column":57}},"28":{"start":{"line":56,"column":8},"end":{"line":56,"column":50}},"29":{"start":{"line":57,"column":8},"end":{"line":57,"column":50}},"30":{"start":{"line":62,"column":10},"end":{"line":74,"column":3}},"31":{"start":{"line":63,"column":4},"end":{"line":73,"column":5}},"32":{"start":{"line":64,"column":6},"end":{"line":70,"column":8}},"33":{"start":{"line":69,"column":8},"end":{"line":69,"column":40}},"34":{"start":{"line":72,"column":6},"end":{"line":72,"column":17}},"35":{"start":{"line":77,"column":15},"end":{"line":94,"column":3}},"36":{"start":{"line":78,"column":4},"end":{"line":93,"column":5}},"37":{"start":{"line":79,"column":6},"end":{"line":90,"column":8}},"38":{"start":{"line":88,"column":8},"end":{"line":88,"column":57}},"39":{"start":{"line":89,"column":8},"end":{"line":89,"column":31}},"40":{"start":{"line":92,"column":6},"end":{"line":92,"column":17}}},"fnMap":{"0":{"name":"(anonymous_0)","decl":{"start":{"line":7,"column":2},"end":{"line":7,"column":3}},"loc":{"start":{"line":7,"column":80},"end":{"line":17,"column":3}},"line":7},"1":{"name":"(anonymous_1)","decl":{"start":{"line":18,"column":25},"end":{"line":18,"column":26}},"loc":{"start":{"line":18,"column":30},"end":{"line":38,"column":3}},"line":18},"2":{"name":"(anonymous_2)","decl":{"start":{"line":29,"column":8},"end":{"line":29,"column":9}},"loc":{"start":{"line":29,"column":17},"end":{"line":29,"column":38}},"line":29},"3":{"name":"(anonymous_3)","decl":{"start":{"line":31,"column":12},"end":{"line":31,"column":13}},"loc":{"start":{"line":31,"column":18},"end":{"line":36,"column":7}},"line":31},"4":{"name":"(anonymous_4)","decl":{"start":{"line":40,"column":22},"end":{"line":40,"column":23}},"loc":{"start":{"line":40,"column":27},"end":{"line":59,"column":3}},"line":40},"5":{"name":"(anonymous_5)","decl":{"start":{"line":51,"column":8},"end":{"line":51,"column":9}},"loc":{"start":{"line":51,"column":17},"end":{"line":51,"column":38}},"line":51},"6":{"name":"(anonymous_6)","decl":{"start":{"line":53,"column":12},"end":{"line":53,"column":13}},"loc":{"start":{"line":53,"column":18},"end":{"line":58,"column":7}},"line":53},"7":{"name":"(anonymous_7)","decl":{"start":{"line":62,"column":10},"end":{"line":62,"column":11}},"loc":{"start":{"line":62,"column":20},"end":{"line":74,"column":3}},"line":62},"8":{"name":"(anonymous_8)","decl":{"start":{"line":68,"column":15},"end":{"line":68,"column":16}},"loc":{"start":{"line":68,"column":26},"end":{"line":70,"column":7}},"line":68},"9":{"name":"(anonymous_9)","decl":{"start":{"line":77,"column":15},"end":{"line":77,"column":16}},"loc":{"start":{"line":77,"column":25},"end":{"line":94,"column":3}},"line":77},"10":{"name":"(anonymous_10)","decl":{"start":{"line":87,"column":12},"end":{"line":87,"column":13}},"loc":{"start":{"line":87,"column":18},"end":{"line":90,"column":7}},"line":87}},"branchMap":{"0":{"loc":{"start":{"line":63,"column":4},"end":{"line":73,"column":5}},"type":"if","locations":[{"start":{"line":63,"column":4},"end":{"line":73,"column":5}},{"start":{"line":63,"column":4},"end":{"line":73,"column":5}}],"line":63},"1":{"loc":{"start":{"line":78,"column":4},"end":{"line":93,"column":5}},"type":"if","locations":[{"start":{"line":78,"column":4},"end":{"line":93,"column":5}},{"start":{"line":78,"column":4},"end":{"line":93,"column":5}}],"line":78}},"s":{"0":4,"1":5,"2":5,"3":5,"4":5,"5":5,"6":5,"7":5,"8":5,"9":5,"10":5,"11":2,"12":2,"13":2,"14":2,"15":0,"16":2,"17":2,"18":2,"19":2,"20":5,"21":2,"22":2,"23":2,"24":2,"25":0,"26":2,"27":2,"28":2,"29":2,"30":5,"31":0,"32":0,"33":0,"34":0,"35":5,"36":0,"37":0,"38":0,"39":0,"40":0},"f":{"0":5,"1":2,"2":0,"3":2,"4":2,"5":0,"6":2,"7":0,"8":0,"9":0,"10":0},"b":{"0":[0,0],"1":[0,0]},"_coverageSchema":"1a1c01bbd47fc00a2c39e90264f33305004495a9","hash":"a3b05306798376d011f249c2ba9210d6301e2d6a"}
,"C:\\Users\\beybo\\Desktop\\Test application billed\\Billed-app-FR-Front-main\\src\\containers\\Logout.js": {"path":"C:\\Users\\beybo\\Desktop\\Test application billed\\Billed-app-FR-Front-main\\src\\containers\\Logout.js","statementMap":{"0":{"start":{"line":5,"column":4},"end":{"line":5,"column":28}},"1":{"start":{"line":6,"column":4},"end":{"line":6,"column":32}},"2":{"start":{"line":7,"column":4},"end":{"line":7,"column":36}},"3":{"start":{"line":8,"column":4},"end":{"line":8,"column":51}},"4":{"start":{"line":11,"column":16},"end":{"line":14,"column":3}},"5":{"start":{"line":12,"column":4},"end":{"line":12,"column":29}},"6":{"start":{"line":13,"column":4},"end":{"line":13,"column":41}}},"fnMap":{"0":{"name":"(anonymous_0)","decl":{"start":{"line":4,"column":2},"end":{"line":4,"column":3}},"loc":{"start":{"line":4,"column":54},"end":{"line":9,"column":3}},"line":4},"1":{"name":"(anonymous_1)","decl":{"start":{"line":11,"column":16},"end":{"line":11,"column":17}},"loc":{"start":{"line":11,"column":23},"end":{"line":14,"column":3}},"line":11}},"branchMap":{},"s":{"0":29,"1":29,"2":29,"3":29,"4":29,"5":2,"6":2},"f":{"0":29,"1":2},"b":{},"_coverageSchema":"1a1c01bbd47fc00a2c39e90264f33305004495a9","hash":"05161d00f368134e6657d8c3fa1226ef7874e565"}
,"C:\\Users\\beybo\\Desktop\\Test application billed\\Billed-app-FR-Front-main\\src\\containers\\NewBill.js": {"path":"C:\\Users\\beybo\\Desktop\\Test application billed\\Billed-app-FR-Front-main\\src\\containers\\NewBill.js","statementMap":{"0":{"start":{"line":6,"column":4},"end":{"line":6,"column":28}},"1":{"start":{"line":7,"column":4},"end":{"line":7,"column":32}},"2":{"start":{"line":8,"column":4},"end":{"line":8,"column":22}},"3":{"start":{"line":9,"column":24},"end":{"line":9,"column":88}},"4":{"start":{"line":10,"column":4},"end":{"line":10,"column":61}},"5":{"start":{"line":11,"column":17},"end":{"line":11,"column":73}},"6":{"start":{"line":12,"column":4},"end":{"line":12,"column":58}},"7":{"start":{"line":13,"column":4},"end":{"line":13,"column":23}},"8":{"start":{"line":14,"column":4},"end":{"line":14,"column":24}},"9":{"start":{"line":15,"column":4},"end":{"line":15,"column":22}},"10":{"start":{"line":16,"column":4},"end":{"line":16,"column":54}},"11":{"start":{"line":18,"column":21},"end":{"line":52,"column":3}},"12":{"start":{"line":19,"column":4},"end":{"line":19,"column":22}},"13":{"start":{"line":21,"column":17},"end":{"line":21,"column":82}},"14":{"start":{"line":22,"column":21},"end":{"line":22,"column":48}},"15":{"start":{"line":23,"column":21},"end":{"line":23,"column":48}},"16":{"start":{"line":26,"column":30},"end":{"line":26,"column":54}},"17":{"start":{"line":27,"column":4},"end":{"line":31,"column":5}},"18":{"start":{"line":28,"column":6},"end":{"line":28,"column":85}},"19":{"start":{"line":29,"column":6},"end":{"line":29,"column":25}},"20":{"start":{"line":30,"column":6},"end":{"line":30,"column":12}},"21":{"start":{"line":33,"column":21},"end":{"line":33,"column":35}},"22":{"start":{"line":34,"column":18},"end":{"line":34,"column":64}},"23":{"start":{"line":35,"column":4},"end":{"line":35,"column":33}},"24":{"start":{"line":36,"column":4},"end":{"line":36,"column":35}},"25":{"start":{"line":38,"column":4},"end":{"line":51,"column":45}},"26":{"start":{"line":47,"column":8},"end":{"line":47,"column":28}},"27":{"start":{"line":48,"column":8},"end":{"line":48,"column":25}},"28":{"start":{"line":49,"column":8},"end":{"line":49,"column":30}},"29":{"start":{"line":50,"column":8},"end":{"line":50,"column":32}},"30":{"start":{"line":51,"column":24},"end":{"line":51,"column":44}},"31":{"start":{"line":54,"column":17},"end":{"line":73,"column":3}},"32":{"start":{"line":55,"column":4},"end":{"line":55,"column":22}},"33":{"start":{"line":56,"column":4},"end":{"line":56,"column":147}},"34":{"start":{"line":57,"column":18},"end":{"line":57,"column":64}},"35":{"start":{"line":58,"column":17},"end":{"line":70,"column":5}},"36":{"start":{"line":71,"column":4},"end":{"line":71,"column":25}},"37":{"start":{"line":72,"column":4},"end":{"line":72,"column":41}},"38":{"start":{"line":76,"column":15},"end":{"line":86,"column":3}},"39":{"start":{"line":77,"column":4},"end":{"line":85,"column":5}},"40":{"start":{"line":78,"column":6},"end":{"line":84,"column":43}},"41":{"start":{"line":82,"column":8},"end":{"line":82,"column":45}},"42":{"start":{"line":84,"column":22},"end":{"line":84,"column":42}}},"fnMap":{"0":{"name":"(anonymous_0)","decl":{"start":{"line":5,"column":2},"end":{"line":5,"column":3}},"loc":{"start":{"line":5,"column":61},"end":{"line":17,"column":3}},"line":5},"1":{"name":"(anonymous_1)","decl":{"start":{"line":18,"column":21},"end":{"line":18,"column":22}},"loc":{"start":{"line":18,"column":26},"end":{"line":52,"column":3}},"line":18},"2":{"name":"(anonymous_2)","decl":{"start":{"line":46,"column":12},"end":{"line":46,"column":13}},"loc":{"start":{"line":46,"column":32},"end":{"line":51,"column":7}},"line":46},"3":{"name":"(anonymous_3)","decl":{"start":{"line":51,"column":15},"end":{"line":51,"column":16}},"loc":{"start":{"line":51,"column":24},"end":{"line":51,"column":44}},"line":51},"4":{"name":"(anonymous_4)","decl":{"start":{"line":54,"column":17},"end":{"line":54,"column":18}},"loc":{"start":{"line":54,"column":22},"end":{"line":73,"column":3}},"line":54},"5":{"name":"(anonymous_5)","decl":{"start":{"line":76,"column":15},"end":{"line":76,"column":16}},"loc":{"start":{"line":76,"column":25},"end":{"line":86,"column":3}},"line":76},"6":{"name":"(anonymous_6)","decl":{"start":{"line":81,"column":12},"end":{"line":81,"column":13}},"loc":{"start":{"line":81,"column":18},"end":{"line":83,"column":7}},"line":81},"7":{"name":"(anonymous_7)","decl":{"start":{"line":84,"column":13},"end":{"line":84,"column":14}},"loc":{"start":{"line":84,"column":22},"end":{"line":84,"column":42}},"line":84}},"branchMap":{"0":{"loc":{"start":{"line":27,"column":4},"end":{"line":31,"column":5}},"type":"if","locations":[{"start":{"line":27,"column":4},"end":{"line":31,"column":5}},{"start":{"line":27,"column":4},"end":{"line":31,"column":5}}],"line":27},"1":{"loc":{"start":{"line":65,"column":11},"end":{"line":65,"column":83}},"type":"binary-expr","locations":[{"start":{"line":65,"column":11},"end":{"line":65,"column":77}},{"start":{"line":65,"column":81},"end":{"line":65,"column":83}}],"line":65},"2":{"loc":{"start":{"line":77,"column":4},"end":{"line":85,"column":5}},"type":"if","locations":[{"start":{"line":77,"column":4},"end":{"line":85,"column":5}},{"start":{"line":77,"column":4},"end":{"line":85,"column":5}}],"line":77}},"s":{"0":2,"1":2,"2":2,"3":2,"4":2,"5":2,"6":2,"7":2,"8":2,"9":2,"10":2,"11":2,"12":2,"13":2,"14":2,"15":2,"16":2,"17":2,"18":2,"19":2,"20":2,"21":0,"22":0,"23":0,"24":0,"25":0,"26":0,"27":0,"28":0,"29":0,"30":0,"31":2,"32":2,"33":2,"34":2,"35":2,"36":2,"37":2,"38":2,"39":2,"40":2,"41":2,"42":0},"f":{"0":2,"1":2,"2":0,"3":0,"4":2,"5":2,"6":2,"7":0},"b":{"0":[2,0],"1":[2,0],"2":[2,0]},"_coverageSchema":"1a1c01bbd47fc00a2c39e90264f33305004495a9","hash":"7c95e84c43c2cec5aab8d55f4649701023fce4cc"}
,"C:\\Users\\beybo\\Desktop\\Test application billed\\Billed-app-FR-Front-main\\src\\views\\Actions.js": {"path":"C:\\Users\\beybo\\Desktop\\Test application billed\\Billed-app-FR-Front-main\\src\\views\\Actions.js","statementMap":{"0":{"start":{"line":5,"column":2},"end":{"line":11,"column":3}}},"fnMap":{"0":{"name":"(anonymous_0)","decl":{"start":{"line":4,"column":15},"end":{"line":4,"column":16}},"loc":{"start":{"line":4,"column":28},"end":{"line":12,"column":1}},"line":4}},"branchMap":{},"s":{"0":22},"f":{"0":22},"b":{},"_coverageSchema":"1a1c01bbd47fc00a2c39e90264f33305004495a9","hash":"cafc07ef60001ddce89f8f92e7d3090dd1946dbb"}
,"C:\\Users\\beybo\\Desktop\\Test application billed\\Billed-app-FR-Front-main\\src\\views\\BillsUI.js": {"path":"C:\\Users\\beybo\\Desktop\\Test application billed\\Billed-app-FR-Front-main\\src\\views\\BillsUI.js","statementMap":{"0":{"start":{"line":7,"column":12},"end":{"line":20,"column":3}},"1":{"start":{"line":8,"column":2},"end":{"line":19,"column":6}},"2":{"start":{"line":22,"column":13},"end":{"line":24,"column":1}},"3":{"start":{"line":23,"column":2},"end":{"line":23,"column":74}},"4":{"start":{"line":23,"column":50},"end":{"line":23,"column":59}},"5":{"start":{"line":28,"column":16},"end":{"line":43,"column":4}},"6":{"start":{"line":28,"column":23},"end":{"line":43,"column":3}},"7":{"start":{"line":45,"column":2},"end":{"line":49,"column":3}},"8":{"start":{"line":46,"column":4},"end":{"line":46,"column":24}},"9":{"start":{"line":47,"column":9},"end":{"line":49,"column":3}},"10":{"start":{"line":48,"column":4},"end":{"line":48,"column":27}},"11":{"start":{"line":51,"column":2},"end":{"line":79,"column":3}}},"fnMap":{"0":{"name":"(anonymous_0)","decl":{"start":{"line":7,"column":12},"end":{"line":7,"column":13}},"loc":{"start":{"line":7,"column":22},"end":{"line":20,"column":3}},"line":7},"1":{"name":"(anonymous_1)","decl":{"start":{"line":22,"column":13},"end":{"line":22,"column":14}},"loc":{"start":{"line":22,"column":23},"end":{"line":24,"column":1}},"line":22},"2":{"name":"(anonymous_2)","decl":{"start":{"line":23,"column":42},"end":{"line":23,"column":43}},"loc":{"start":{"line":23,"column":50},"end":{"line":23,"column":59}},"line":23},"3":{"name":"(anonymous_3)","decl":{"start":{"line":26,"column":15},"end":{"line":26,"column":16}},"loc":{"start":{"line":26,"column":52},"end":{"line":80,"column":1}},"line":26},"4":{"name":"(anonymous_4)","decl":{"start":{"line":28,"column":16},"end":{"line":28,"column":17}},"loc":{"start":{"line":28,"column":23},"end":{"line":43,"column":3}},"line":28}},"branchMap":{"0":{"loc":{"start":{"line":23,"column":9},"end":{"line":23,"column":74}},"type":"cond-expr","locations":[{"start":{"line":23,"column":33},"end":{"line":23,"column":69}},{"start":{"line":23,"column":72},"end":{"line":23,"column":74}}],"line":23},"1":{"loc":{"start":{"line":23,"column":10},"end":{"line":23,"column":29}},"type":"binary-expr","locations":[{"start":{"line":23,"column":10},"end":{"line":23,"column":14}},{"start":{"line":23,"column":18},"end":{"line":23,"column":29}}],"line":23},"2":{"loc":{"start":{"line":45,"column":2},"end":{"line":49,"column":3}},"type":"if","locations":[{"start":{"line":45,"column":2},"end":{"line":49,"column":3}},{"start":{"line":45,"column":2},"end":{"line":49,"column":3}}],"line":45},"3":{"loc":{"start":{"line":47,"column":9},"end":{"line":49,"column":3}},"type":"if","locations":[{"start":{"line":47,"column":9},"end":{"line":49,"column":3}},{"start":{"line":47,"column":9},"end":{"line":49,"column":3}}],"line":47}},"s":{"0":6,"1":20,"2":6,"3":13,"4":20,"5":21,"6":13,"7":21,"8":6,"9":15,"10":2,"11":13},"f":{"0":20,"1":13,"2":20,"3":21,"4":13},"b":{"0":[5,8],"1":[13,7],"2":[6,15],"3":[2,13]},"_coverageSchema":"1a1c01bbd47fc00a2c39e90264f33305004495a9","hash":"b520bf70b43bb39dee067ceb3f48d6157246f8e7"}
,"C:\\Users\\beybo\\Desktop\\Test application billed\\Billed-app-FR-Front-main\\src\\views\\DashboardFormUI.js": {"path":"C:\\Users\\beybo\\Desktop\\Test application billed\\Billed-app-FR-Front-main\\src\\views\\DashboardFormUI.js","statementMap":{"0":{"start":{"line":7,"column":21},"end":{"line":22,"column":4}},"1":{"start":{"line":7,"column":28},"end":{"line":22,"column":3}},"2":{"start":{"line":26,"column":2},"end":{"line":101,"column":4}}},"fnMap":{"0":{"name":"(anonymous_0)","decl":{"start":{"line":7,"column":21},"end":{"line":7,"column":22}},"loc":{"start":{"line":7,"column":28},"end":{"line":22,"column":3}},"line":7},"1":{"name":"(anonymous_1)","decl":{"start":{"line":24,"column":15},"end":{"line":24,"column":16}},"loc":{"start":{"line":24,"column":25},"end":{"line":102,"column":1}},"line":24}},"branchMap":{"0":{"loc":{"start":{"line":79,"column":9},"end":{"line":89,"column":9}},"type":"cond-expr","locations":[{"start":{"line":79,"column":38},"end":{"line":84,"column":8}},{"start":{"line":84,"column":13},"end":{"line":89,"column":8}}],"line":79},"1":{"loc":{"start":{"line":92,"column":8},"end":{"line":97,"column":13}},"type":"cond-expr","locations":[{"start":{"line":92,"column":37},"end":{"line":97,"column":7}},{"start":{"line":97,"column":11},"end":{"line":97,"column":13}}],"line":92}},"s":{"0":7,"1":9,"2":9},"f":{"0":9,"1":9},"b":{"0":[6,3],"1":[6,3]},"_coverageSchema":"1a1c01bbd47fc00a2c39e90264f33305004495a9","hash":"660d1b3ee7d910ef1ad734214920670c412cbcef"}
,"C:\\Users\\beybo\\Desktop\\Test application billed\\Billed-app-FR-Front-main\\src\\views\\DashboardUI.js": {"path":"C:\\Users\\beybo\\Desktop\\Test application billed\\Billed-app-FR-Front-main\\src\\views\\DashboardUI.js","statementMap":{"0":{"start":{"line":10,"column":2},"end":{"line":14,"column":3}},"1":{"start":{"line":11,"column":4},"end":{"line":11,"column":24}},"2":{"start":{"line":12,"column":9},"end":{"line":14,"column":3}},"3":{"start":{"line":13,"column":4},"end":{"line":13,"column":27}},"4":{"start":{"line":16,"column":2},"end":{"line":48,"column":3}}},"fnMap":{"0":{"name":"(anonymous_0)","decl":{"start":{"line":8,"column":15},"end":{"line":8,"column":16}},"loc":{"start":{"line":8,"column":45},"end":{"line":49,"column":1}},"line":8}},"branchMap":{"0":{"loc":{"start":{"line":10,"column":2},"end":{"line":14,"column":3}},"type":"if","locations":[{"start":{"line":10,"column":2},"end":{"line":14,"column":3}},{"start":{"line":10,"column":2},"end":{"line":14,"column":3}}],"line":10},"1":{"loc":{"start":{"line":12,"column":9},"end":{"line":14,"column":3}},"type":"if","locations":[{"start":{"line":12,"column":9},"end":{"line":14,"column":3}},{"start":{"line":12,"column":9},"end":{"line":14,"column":3}}],"line":12},"2":{"loc":{"start":{"line":22,"column":45},"end":{"line":22,"column":63}},"type":"binary-expr","locations":[{"start":{"line":22,"column":45},"end":{"line":22,"column":49}},{"start":{"line":22,"column":53},"end":{"line":22,"column":63}}],"line":22},"3":{"loc":{"start":{"line":29,"column":43},"end":{"line":29,"column":61}},"type":"binary-expr","locations":[{"start":{"line":29,"column":43},"end":{"line":29,"column":47}},{"start":{"line":29,"column":51},"end":{"line":29,"column":61}}],"line":29},"4":{"loc":{"start":{"line":36,"column":43},"end":{"line":36,"column":61}},"type":"binary-expr","locations":[{"start":{"line":36,"column":43},"end":{"line":36,"column":47}},{"start":{"line":36,"column":51},"end":{"line":36,"column":61}}],"line":36}},"s":{"0":21,"1":6,"2":15,"3":3,"4":12},"f":{"0":21},"b":{"0":[6,15],"1":[3,12],"2":[12,7],"3":[12,7],"4":[12,7]},"_coverageSchema":"1a1c01bbd47fc00a2c39e90264f33305004495a9","hash":"8d34129a6634f3105d44915cbadee4fa3de02aa7"}
,"C:\\Users\\beybo\\Desktop\\Test application billed\\Billed-app-FR-Front-main\\src\\views\\ErrorPage.js": {"path":"C:\\Users\\beybo\\Desktop\\Test application billed\\Billed-app-FR-Front-main\\src\\views\\ErrorPage.js","statementMap":{"0":{"start":{"line":4,"column":2},"end":{"line":15,"column":3}}},"fnMap":{"0":{"name":"(anonymous_0)","decl":{"start":{"line":3,"column":15},"end":{"line":3,"column":16}},"loc":{"start":{"line":3,"column":26},"end":{"line":16,"column":1}},"line":3}},"branchMap":{"0":{"loc":{"start":{"line":12,"column":12},"end":{"line":12,"column":30}},"type":"cond-expr","locations":[{"start":{"line":12,"column":20},"end":{"line":12,"column":25}},{"start":{"line":12,"column":28},"end":{"line":12,"column":30}}],"line":12}},"s":{"0":7},"f":{"0":7},"b":{"0":[6,1]},"_coverageSchema":"1a1c01bbd47fc00a2c39e90264f33305004495a9","hash":"69d4239e8af0c5ed0dbf337bb533a5dde4ca8a29"}
,"C:\\Users\\beybo\\Desktop\\Test application billed\\Billed-app-FR-Front-main\\src\\views\\LoadingPage.js": {"path":"C:\\Users\\beybo\\Desktop\\Test application billed\\Billed-app-FR-Front-main\\src\\views\\LoadingPage.js","statementMap":{"0":{"start":{"line":5,"column":2},"end":{"line":12,"column":3}}},"fnMap":{"0":{"name":"(anonymous_0)","decl":{"start":{"line":3,"column":15},"end":{"line":3,"column":16}},"loc":{"start":{"line":3,"column":21},"end":{"line":13,"column":1}},"line":3}},"branchMap":{},"s":{"0":13},"f":{"0":13},"b":{},"_coverageSchema":"1a1c01bbd47fc00a2c39e90264f33305004495a9","hash":"8bfb7cca5032d558fad91a38c77fb1f22d14c855"}
,"C:\\Users\\beybo\\Desktop\\Test application billed\\Billed-app-FR-Front-main\\src\\views\\LoginUI.js": {"path":"C:\\Users\\beybo\\Desktop\\Test application billed\\Billed-app-FR-Front-main\\src\\views\\LoginUI.js","statementMap":{"0":{"start":{"line":4,"column":2},"end":{"line":46,"column":4}}},"fnMap":{"0":{"name":"(anonymous_0)","decl":{"start":{"line":2,"column":15},"end":{"line":2,"column":16}},"loc":{"start":{"line":2,"column":21},"end":{"line":47,"column":1}},"line":2}},"branchMap":{},"s":{"0":18},"f":{"0":18},"b":{},"_coverageSchema":"1a1c01bbd47fc00a2c39e90264f33305004495a9","hash":"d7d1967e4f83d3e73feccf72290557ee05a8e03f"}
,"C:\\Users\\beybo\\Desktop\\Test application billed\\Billed-app-FR-Front-main\\src\\views\\NewBillUI.js": {"path":"C:\\Users\\beybo\\Desktop\\Test application billed\\Billed-app-FR-Front-main\\src\\views\\NewBillUI.js","statementMap":{"0":{"start":{"line":5,"column":2},"end":{"line":73,"column":4}}},"fnMap":{"0":{"name":"(anonymous_0)","decl":{"start":{"line":3,"column":15},"end":{"line":3,"column":16}},"loc":{"start":{"line":3,"column":21},"end":{"line":74,"column":1}},"line":3}},"branchMap":{},"s":{"0":5},"f":{"0":5},"b":{},"_coverageSchema":"1a1c01bbd47fc00a2c39e90264f33305004495a9","hash":"dcd7d2f08f2d18ca1c45737222dbe38bc15d4bbe"}
,"C:\\Users\\beybo\\Desktop\\Test application billed\\Billed-app-FR-Front-main\\src\\views\\VerticalLayout.js": {"path":"C:\\Users\\beybo\\Desktop\\Test application billed\\Billed-app-FR-Front-main\\src\\views\\VerticalLayout.js","statementMap":{"0":{"start":{"line":7,"column":4},"end":{"line":7,"column":51}},"1":{"start":{"line":8,"column":4},"end":{"line":10,"column":5}},"2":{"start":{"line":9,"column":6},"end":{"line":9,"column":29}},"3":{"start":{"line":11,"column":4},"end":{"line":39,"column":5}},"4":{"start":{"line":12,"column":6},"end":{"line":27,"column":7}},"5":{"start":{"line":29,"column":6},"end":{"line":38,"column":7}}},"fnMap":{"0":{"name":"(anonymous_0)","decl":{"start":{"line":5,"column":15},"end":{"line":5,"column":16}},"loc":{"start":{"line":5,"column":27},"end":{"line":40,"column":1}},"line":5}},"branchMap":{"0":{"loc":{"start":{"line":8,"column":4},"end":{"line":10,"column":5}},"type":"if","locations":[{"start":{"line":8,"column":4},"end":{"line":10,"column":5}},{"start":{"line":8,"column":4},"end":{"line":10,"column":5}}],"line":8},"1":{"loc":{"start":{"line":11,"column":4},"end":{"line":39,"column":5}},"type":"if","locations":[{"start":{"line":11,"column":4},"end":{"line":39,"column":5}},{"start":{"line":11,"column":4},"end":{"line":39,"column":5}}],"line":11},"2":{"loc":{"start":{"line":11,"column":8},"end":{"line":11,"column":40}},"type":"binary-expr","locations":[{"start":{"line":11,"column":8},"end":{"line":11,"column":12}},{"start":{"line":11,"column":16},"end":{"line":11,"column":40}}],"line":11}},"s":{"0":51,"1":51,"2":39,"3":51,"4":23,"5":28},"f":{"0":51},"b":{"0":[39,12],"1":[23,28],"2":[51,39]},"_coverageSchema":"1a1c01bbd47fc00a2c39e90264f33305004495a9","hash":"89295a84b70db45f8faf1b5100cae6ee0573b5da"}
}
